app/build/intermediates/manifest_merge_blame_file/debug/processDebugMainManifest/manifest-merger-blame-debug-report.txt
1<?xml version="1.0" encoding="utf-8"?>
2<!--
3  Copyright 2022 The Android Open Source Project
4
5  Licensed under the Apache License, Version 2.0 (the "License"); you may not use this file except
6  in compliance with the License. You may obtain a copy of the License at
7
8  http://www.apache.org/licenses/LICENSE-2.0
9
10  Unless required by applicable law or agreed to in writing, software distributed under the License
11  is distributed on an "AS IS" BASIS, WITHOUT WARRANTIES OR CONDITIONS OF ANY KIND, either express
12  or implied. See the License for the specific language governing permissions and limitations under
13  the License.
14-->
15<manifest xmlns:android="http://schemas.android.com/apk/res/android"
16    package="com.codelab.basiclayouts"
17    android:versionCode="1"
18    android:versionName="1.0" >
19
20    <uses-sdk
21        android:minSdkVersion="23"
22        android:targetSdkVersion="33" />
23
24    <permission
24-->[androidx.core:core:1.15.0] AndroidManifest.xml:22:5-24:47
25        android:name="com.codelab.basiclayouts.DYNAMIC_RECEIVER_NOT_EXPORTED_PERMISSION"
25-->[androidx.core:core:1.15.0] AndroidManifest.xml:23:9-81
26        android:protectionLevel="signature" />
26-->[androidx.core:core:1.15.0] AndroidManifest.xml:24:9-44
27
28    <uses-permission android:name="com.codelab.basiclayouts.DYNAMIC_RECEIVER_NOT_EXPORTED_PERMISSION" />
28-->[androidx.core:core:1.15.0] AndroidManifest.xml:26:5-97
28-->[androidx.core:core:1.15.0] AndroidManifest.xml:26:22-94
29
30    <application
30-->src\main\AndroidManifest.xml:16:5-34:19
31        android:allowBackup="true"
31-->src\main\AndroidManifest.xml:17:9-35
32        android:appComponentFactory="androidx.core.app.CoreComponentFactory"
32-->[androidx.core:core:1.15.0] AndroidManifest.xml:28:18-86
33        android:debuggable="true"
34        android:extractNativeLibs="false"
35        android:icon="@mipmap/ic_launcher"
35-->src\main\AndroidManifest.xml:18:9-43
36        android:label="@string/app_name"
36-->src\main\AndroidManifest.xml:19:9-41
37        android:roundIcon="@mipmap/ic_launcher_round"
37-->src\main\AndroidManifest.xml:20:9-54
38        android:supportsRtl="true"
38-->src\main\AndroidManifest.xml:21:9-35
39        android:testOnly="true"
40        android:theme="@style/Theme.MySoothe" >
40-->src\main\AndroidManifest.xml:22:9-46
41        <activity
41-->src\main\AndroidManifest.xml:23:9-33:20
42            android:name="com.codelab.basiclayouts.MainActivity"
42-->src\main\AndroidManifest.xml:24:13-41
43            android:exported="true"
43-->src\main\AndroidManifest.xml:25:13-36
44            android:label="@string/app_name"
44-->src\main\AndroidManifest.xml:26:13-45
45            android:theme="@style/Theme.MySoothe" >
45-->src\main\AndroidManifest.xml:27:13-50
46            <intent-filter>
46-->src\main\AndroidManifest.xml:28:13-32:29
47                <action android:name="android.intent.action.MAIN" />
47-->src\main\AndroidManifest.xml:29:17-69
47-->src\main\AndroidManifest.xml:29:25-66
48
49                <category android:name="android.intent.category.LAUNCHER" />
49-->src\main\AndroidManifest.xml:31:17-77
49-->src\main\AndroidManifest.xml:31:27-74
50            </intent-filter>
51        </activity>
52        <activity
52-->[androidx.compose.ui:ui-tooling-android:1.7.8] AndroidManifest.xml:23:9-25:39
53            android:name="androidx.compose.ui.tooling.PreviewActivity"
53-->[androidx.compose.ui:ui-tooling-android:1.7.8] AndroidManifest.xml:24:13-71
54            android:exported="true" />
54-->[androidx.compose.ui:ui-tooling-android:1.7.8] AndroidManifest.xml:25:13-36
55
56        <uses-library
56-->[androidx.window:window:1.0.0] AndroidManifest.xml:25:9-27:40
57            android:name="androidx.window.extensions"
57-->[androidx.window:window:1.0.0] AndroidManifest.xml:26:13-54
58            android:required="false" />
58-->[androidx.window:window:1.0.0] AndroidManifest.xml:27:13-37
59        <uses-library
59-->[androidx.window:window:1.0.0] AndroidManifest.xml:28:9-30:40
60            android:name="androidx.window.sidecar"
60-->[androidx.window:window:1.0.0] AndroidManifest.xml:29:13-51
61            android:required="false" />
61-->[androidx.window:window:1.0.0] AndroidManifest.xml:30:13-37
62
63        <provider
63-->[androidx.emoji2:emoji2:1.3.0] AndroidManifest.xml:24:9-32:20
64            android:name="androidx.startup.InitializationProvider"
64-->[androidx.emoji2:emoji2:1.3.0] AndroidManifest.xml:25:13-67
65            android:authorities="com.codelab.basiclayouts.androidx-startup"
65-->[androidx.emoji2:emoji2:1.3.0] AndroidManifest.xml:26:13-68
66            android:exported="false" >
66-->[androidx.emoji2:emoji2:1.3.0] AndroidManifest.xml:27:13-37
67            <meta-data
67-->[androidx.emoji2:emoji2:1.3.0] AndroidManifest.xml:29:13-31:52
68                android:name="androidx.emoji2.text.EmojiCompatInitializer"
68-->[androidx.emoji2:emoji2:1.3.0] AndroidManifest.xml:30:17-75
69                android:value="androidx.startup" />
69-->[androidx.emoji2:emoji2:1.3.0] AndroidManifest.xml:31:17-49
70            <meta-data
70-->[androidx.lifecycle:lifecycle-process:2.8.7] AndroidManifest.xml:29:13-31:52
71                android:name="androidx.lifecycle.ProcessLifecycleInitializer"
71-->[androidx.lifecycle:lifecycle-process:2.8.7] AndroidManifest.xml:30:17-78
72                android:value="androidx.startup" />
72-->[androidx.lifecycle:lifecycle-process:2.8.7] AndroidManifest.xml:31:17-49
73            <meta-data
73-->[androidx.profileinstaller:profileinstaller:1.4.0] AndroidManifest.xml:29:13-31:52
74                android:name="androidx.profileinstaller.ProfileInstallerInitializer"
74-->[androidx.profileinstaller:profileinstaller:1.4.0] AndroidManifest.xml:30:17-85
75                android:value="androidx.startup" />
75-->[androidx.profileinstaller:profileinstaller:1.4.0] AndroidManifest.xml:31:17-49
76        </provider>
77
78        <receiver
78-->[androidx.profileinstaller:profileinstaller:1.4.0] AndroidManifest.xml:34:9-52:20
79            android:name="androidx.profileinstaller.ProfileInstallReceiver"
79-->[androidx.profileinstaller:profileinstaller:1.4.0] AndroidManifest.xml:35:13-76
80            android:directBootAware="false"
80-->[androidx.profileinstaller:profileinstaller:1.4.0] AndroidManifest.xml:36:13-44
81            android:enabled="true"
81-->[androidx.profileinstaller:profileinstaller:1.4.0] AndroidManifest.xml:37:13-35
82            android:exported="true"
82-->[androidx.profileinstaller:profileinstaller:1.4.0] AndroidManifest.xml:38:13-36
83            android:permission="android.permission.DUMP" >
83-->[androidx.profileinstaller:profileinstaller:1.4.0] AndroidManifest.xml:39:13-57
84            <intent-filter>
84-->[androidx.profileinstaller:profileinstaller:1.4.0] AndroidManifest.xml:40:13-42:29
85                <action android:name="androidx.profileinstaller.action.INSTALL_PROFILE" />
85-->[androidx.profileinstaller:profileinstaller:1.4.0] AndroidManifest.xml:41:17-91
85-->[androidx.profileinstaller:profileinstaller:1.4.0] AndroidManifest.xml:41:25-88
86            </intent-filter>
87            <intent-filter>
87-->[androidx.profileinstaller:profileinstaller:1.4.0] AndroidManifest.xml:43:13-45:29
88                <action android:name="androidx.profileinstaller.action.SKIP_FILE" />
88-->[androidx.profileinstaller:profileinstaller:1.4.0] AndroidManifest.xml:44:17-85
88-->[androidx.profileinstaller:profileinstaller:1.4.0] AndroidManifest.xml:44:25-82
89            </intent-filter>
90            <intent-filter>
90-->[androidx.profileinstaller:profileinstaller:1.4.0] AndroidManifest.xml:46:13-48:29
91                <action android:name="androidx.profileinstaller.action.SAVE_PROFILE" />
91-->[androidx.profileinstaller:profileinstaller:1.4.0] AndroidManifest.xml:47:17-88
91-->[androidx.profileinstaller:profileinstaller:1.4.0] AndroidManifest.xml:47:25-85
92            </intent-filter>
93            <intent-filter>
93-->[androidx.profileinstaller:profileinstaller:1.4.0] AndroidManifest.xml:49:13-51:29
94                <action android:name="androidx.profileinstaller.action.BENCHMARK_OPERATION" />
94-->[androidx.profileinstaller:profileinstaller:1.4.0] AndroidManifest.xml:50:17-95
94-->[androidx.profileinstaller:profileinstaller:1.4.0] AndroidManifest.xml:50:25-92
95            </intent-filter>
96        </receiver>
97    </application>
98
99</manifest>